         w __deregister_frame_info
         w __register_frame_info
         w userAppExit
         w userAppInit
00000000 00000401 B __ctru_dev_path_buf
00000000 b _TLS_MODULE_BASE_
00000000 a shift
00000000 a shift
00000404 00000802 B __ctru_dev_utf16_buf
00100000 A __start__
00100000 T _start
00100008 T __service_ptr
0010000c T __apt_appid
00100010 T __heap_size
00100014 T __linear_heap_size
00100018 T __system_arglist
0010001c T __system_runflags
00100020 t startup
00100058 t ClearMem
0010006c t ClrLoop
00100094 T _init
001000ac T __aeabi_idiv
001000ac 00000220 T __divsi3
001000b4 t .divsi3_skip_div0_test
001002cc 00000020 T __aeabi_idivmod
001002ec 00000004 W __aeabi_idiv0
001002ec 00000004 W __aeabi_ldiv0
001002f0 T __aeabi_ldivmod
001003c4 T __aeabi_uldivmod
00100408 00000390 T strcmp
00100790 t .udivsi3_skip_div0_test
00100790 T __aeabi_uidiv
00100790 000001ec T __udivsi3
0010097c 00000020 T __aeabi_uidivmod
0010099c T __aeabi_drsub
001009a4 000002b0 T __aeabi_dsub
001009a4 000002b0 T __subdf3
001009a8 000002ac T __adddf3
001009a8 000002ac T __aeabi_dadd
00100c54 00000024 T __aeabi_ui2d
00100c54 00000024 T __floatunsidf
00100c78 00000028 T __aeabi_i2d
00100c78 00000028 T __floatsidf
00100ca0 00000048 T __aeabi_f2d
00100ca0 00000048 T __extendsfdf2
00100ce8 00000074 T __aeabi_ul2d
00100ce8 00000074 T __floatundidf
00100cfc 00000060 T __aeabi_l2d
00100cfc 00000060 T __floatdidf
00100d5c t __do_global_dtors_aux
00100d9c t frame_dummy
00100dc8 00000030 T main
00100df8 00000178 T consoleDrawChar
00100f70 00000124 T consolePrintChar
00101094 00000a00 T con_write
00101a94 00000168 T consoleInit
00101bfc 000000f4 t newRow
00101cf0 000000d0 t gfxPresentFramebuffer
00101dc0 0000001c T gfxIsWide
00101ddc 000000ec T gfxSetScreenFormat
00101ec8 00000010 T gfxSetDoubleBuffering
00101ed8 00000108 T gfxInit
00101fe0 00000010 T gfxInitDefault
00101ff0 000000a0 T gfxGetFramebuffer
00102090 0000010c T gfxFlushBuffers
0010219c 00000050 T gfxSwapBuffersGpu
001021ec 00000c58 t gspHardwareInit
00102e44 00000254 T gspInit
00103098 00000098 T gspPresentBuffer
00103130 00000050 T gspWaitForEvent
00103180 00000004 W gxCmdQueueInterrupt
00103184 00000160 t gspEventThreadMain
001032e4 00000050 T GSPGPU_FlushDataCache
00103334 00000034 T GSPGPU_SetLcdForceBlack
00103368 00000068 T GSPGPU_AcquireRight
001033d0 0000002c T GSPGPU_RestoreVramSysArea
001033fc 000000f0 W __system_initArgv
001034ec T svcControlMemory
0010350c T svcQueryMemory
0010353c T svcExitProcess
00103544 T svcCreateThread
00103564 T svcExitThread
0010356c T svcSleepThread
00103574 T svcReleaseMutex
0010357c T svcCreateEvent
00103590 T svcSignalEvent
00103598 T svcClearEvent
001035a0 T svcMapMemoryBlock
001035a8 T svcUnmapMemoryBlock
001035b0 T svcCreateAddressArbiter
001035c4 T svcArbitrateAddressNoTimeout
001035cc T svcCloseHandle
001035d4 T svcWaitSynchronization
001035dc T svcWaitSynchronizationN
00103604 T svcDuplicateHandle
00103618 T svcGetSystemTick
00103620 T svcConnectToPort
00103634 T svcSendSyncRequest
0010363c T svcGetResourceLimit
00103650 T svcGetResourceLimitLimitValues
00103658 T svcGetResourceLimitCurrentValues
00103660 T svcBreak
00103668 W initSystem
001036b8 W __ctru_exit
001036d0 00000024 t addrMapNodeComparator(rbtree_node const*, rbtree_node const*)
001036f4 00000004 t addrMapNodeDestructor(rbtree_node*)
001036f8 00000114 T vramMemAlign
0010380c 00000008 T vramAlloc
00103814 0000005c T vramFree
00103870 00000024 t addrMapNodeComparator(rbtree_node const*, rbtree_node const*)
00103894 00000004 t addrMapNodeDestructor(rbtree_node*)
00103898 00000120 T linearMemAlign
001039b8 00000008 T linearAlloc
001039c0 0000005c T linearFree
00103a1c 00000084 T MemPool::CoalesceRight(MemBlock*)
00103aa0 00000170 T MemPool::Allocate(MemChunk&, unsigned long, int)
00103c10 000000fc T MemPool::Deallocate(MemChunk const&)
00103d0c 0000000c T __sync_init
00103d18 00000018 T __sync_fini
00103d30 0000002c T syncArbitrateAddress
00103d5c 0000001c T LightLock_Init
00103d78 00000094 T LightLock_Lock
00103e0c 00000044 T LightLock_TryLock
00103e50 00000040 T LightLock_Unlock
00103e90 00000024 T RecursiveLock_Init
00103eb4 00000030 T RecursiveLock_Lock
00103ee4 00000078 T RecursiveLock_TryLock
00103f5c 00000054 T RecursiveLock_Unlock
00103fb0 00000040 T LightEvent_Init
00103ff0 000000a4 T LightEvent_Clear
00104094 000000c8 T LightEvent_Signal
0010415c 00000058 T LightEvent_TryWait
001041b4 000000b0 T LightEvent_Wait
00104264 00000124 T srvInit
00104388 00000058 T srvExit
001043e0 00000080 T srvGetServiceHandleDirect
00104460 00000048 T srvGetServiceHandle
001044a8 00000038 T srvPublishToSubscriber
001044e0 00000188 T threadCreate
00104668 0000002c T threadFree
00104694 00000024 T threadJoin
001046b8 00000030 T threadGetCurrent
001046e8 00000040 T threadExit
00104728 00000044 t _thread_begin
0010476c 00000094 t mappableFindAddressWithin
00104800 00000028 T mappableInit
00104828 00000080 T mappableAlloc
001048a8 00000004 T mappableFree
001048ac 0000000c T srvPmGetSessionHandle
001048b8 00000010 T rbtree_init
001048c8 000001a0 t do_insert
00104a68 00000008 T rbtree_insert
00104a70 00000090 T rbtree_rotate
00104b00 00000338 T rbtree_remove
00104e38 00000074 T rbtree_find
00104eac 00000030 W __appInit
00104ee0 000001e0 W __system_allocateHeaps
001050c0 00000030 W __appExit
001050f0 00000038 W __libctru_init
00105128 00000090 W __libctru_exit
001051b8 00000084 W envGetHandle
0010523c 00000050 W envDestroyHandles
0010528c 00000014 t archive_link
001052a0 00000014 t archive_dirreset
001052b4 00000014 t archive_chmod
001052c8 00000024 t error_cmp
001052ec 00000050 t archive_translate_error
0010533c 000000d4 t archive_seek
00105410 0000007c t _archiveInit.part.0
0010548c 0000008c t archiveFindDevice.part.0
00105518 00000294 t archive_utf16path
001057ac 000000a0 t _archiveUnmountDeviceStruct.part.0
0010584c 00000014 t archive_fchmod
00105860 00000014 t archive_statvfs
00105874 00000158 t _archiveMountDevice
001059cc 000000e8 t archive_diropen
00105ab4 000000a4 t archive_fstat
00105b58 0000006c t archive_close
00105bc4 0000006c t archive_fsync
00105c30 00000070 t archive_dirclose
00105ca0 000000e8 t sdmc_statvfs
00105d88 00000080 t archive_ftruncate
00105e08 000000fc t archive_chdir
00105f04 000000b0 t archive_read
00105fb4 000000ac t archive_unlink
00106060 000000c8 t archive_rmdir
00106128 000000ec t archive_mkdir
00106214 000001a8 t archive_stat
001063bc 00000184 t archive_rename
00106540 00000168 t archive_dirnext
001066a8 0000012c t archive_write
001067d4 000001f0 t archive_open
001069c4 000001a4 T archiveMountSdmc
00106b68 00000054 T archiveUnmountAll
00106bbc 00000008 W aptDspSleep
00106bc4 00000004 W aptDspWakeup
00106bc8 00000004 W aptDspCancel
00106bcc 0000015c T aptSendCommand
00106d28 00000038 t aptExitProcess
00106d60 000002f0 T aptExit
00107050 00000084 T APT_SleepIfShellClosed
001070d4 00000084 T APT_UnlockTransition
00107158 00000484 t aptEventHandler
001075dc 000000b0 T APT_ReceiveParameter
0010768c 000000b0 t aptReceiveParameter.constprop.0
0010773c 000002d0 t aptWaitForWakeUp.isra.0
00107a0c 00000234 T aptInit
00107c40 0000007c T APT_CheckNew3DS
00107cbc 00000024 W hidShouldUseIrrst
00107ce0 0000018c T hidInit
00107e6c 000000e8 T hidExit
00107f54 000000c8 T fsInit
0010801c 0000003c T fsExit
00108058 00000060 T fsExemptFromSession
001080b8 00000050 T fsUnexemptFromSession
00108108 000000cc T FSUSER_OpenFile
001081d4 000000bc T FSUSER_DeleteFile
00108290 000000f8 T FSUSER_RenameFile
00108388 000000bc T FSUSER_DeleteDirectory
00108444 000000d4 T FSUSER_CreateFile
00108518 000000c4 T FSUSER_CreateDirectory
001085dc 000000f8 T FSUSER_RenameDirectory
001086d4 000000b4 T FSUSER_OpenDirectory
00108788 00000094 T FSUSER_OpenArchive
0010881c 0000008c T FSUSER_CloseArchive
001088a8 00000074 T FSUSER_GetSdmcArchiveResource
0010891c 00000064 T FSUSER_IsSdmcWritable
00108980 00000058 T FSFILE_Read
001089d8 00000060 T FSFILE_Write
00108a38 00000038 T FSFILE_GetSize
00108a70 00000028 T FSFILE_SetSize
00108a98 0000003c T FSFILE_Close
00108ad4 00000024 T FSFILE_Flush
00108af8 00000050 T FSDIR_Read
00108b48 0000003c T FSDIR_Close
00108b84 00000050 T rbtree_node_next
00108bd4 000000e8 T utf16_to_utf8
00108cbc 00000064 T decode_utf16
00108d20 0000013c T decode_utf8
00108e5c 000000c0 T utf8_to_utf16
00108f1c 00000030 t __libctru_nanosleep
00108f4c 00000030 t __libctru_get_reent
00108f7c 000000f8 T __system_initSyscalls
00109074 T __aeabi_read_tp
00109080 00000054 T osGetTimeRef
001090d4 000000e4 T osGetTime
001091b8 00000074 T __libctru_gtod
0010922c 00000034 T __ctru_speedup_config
00109260 00000160 T irrstInit
001093c0 000000cc T irrstExit
0010948c 00000074 T ptmSysmInit
00109500 0000003c T ptmSysmExit
0010953c 00000034 T PTMSYSM_ConfigureNew3DSCPU
00109570 00000060 T encode_utf16
001095d0 000000fc T encode_utf8
001096cc 00000120 T __udivmoddi4
001097ec 00000078 T bsearch
00109864 0000000c T __errno
00109870 00000034 T exit
001098a4 0000003c T __libc_fini_array
001098e0 0000007c T __libc_init_array
0010995c 00000034 T iprintf
00109990 00000028 T memalign
001099b8 00000148 T _memalign_r
00109b00 00000020 T malloc
00109b20 00000020 T free
00109b40 000007f0 T _malloc_r
0010a330 000000e0 T memchr
0010a410 0000011c T memcpy
0010a52c 00000118 T memset
0010a644 0000000c T __malloc_lock
0010a650 0000000c T __malloc_unlock
0010a65c 00000260 T setvbuf
0010a8bc 00000074 T sscanf
0010a930 00000044 T __sread
0010a974 00000008 T __seofread
0010a97c 00000068 T __swrite
0010a9e4 00000048 T __sseek
0010aa2c 00000008 T __sclose
0010aa34 0000005c T strlen
0010aa90 000000ec T strncat
0010ab7c 000000dc T strncmp
0010ac58 000000c0 T strncpy
0010ad18 00000048 T strnlen
0010ad60 00000050 t get_arg
0010adb0 00002b68 T __ssvfscanf_r
0010d918 0000064c t get_arg
0010df64 00000034 T __sprint_r
0010df98 00002584 T _vfiprintf_r
0011051c 000000d4 t __sbprintf
001105f0 00000054 T _wcrtomb_r
00110644 00000028 T _wcsrtombs_r
0011066c 00000154 T __swsetup_r
001107c0 00000114 T __call_exitprocs
001108d4 00000258 T __sflush_r
00110b2c 00000094 T _fflush_r
00110bc0 0000000c T _cleanup_r
00110bcc 00000184 T __sinit
00110d50 0000000c T __sfp_lock_acquire
00110d5c 0000000c T __sfp_lock_release
00110d68 000000f8 T _malloc_trim_r
00110e60 000002e4 T _free_r
00111144 000004a4 T __sfvwrite_r
001115e8 00000070 T _fwalk_reent
00111658 00000008 T iswspace
00111660 0000000c T _localeconv_r
0011166c 00000010 T __locale_mb_cur_max
0011167c 00000138 T __smakebuf_r
001117b4 00000094 T __swhatbuf_r
00111848 00000068 T _mbrtowc_r
001118b0 000002fc T __utf8_mbtowc
00111bac 00000154 T memmove
00111d00 00000028 T realloc
00111d28 00000598 T _realloc_r
001122c0 000000e4 T __sccl
001123a4 0000000c T nanf
001123b0 00000064 T sprintf
00112414 000000b8 T stpncpy
001124cc 00000144 T strchr
00112610 0000130c T _strtod_l
0011391c 0000000c T _strtod_r
00113928 0000022c t _strtoll_l.constprop.0
00113b54 00000004 T _strtoll_r
00113b58 000001b0 t _strtol_l.part.0
00113d08 0000003c T _strtol_r
00113d44 00000244 t _strtoull_l.constprop.0
00113f88 00000004 T _strtoull_r
00113f8c 000001c8 t _strtoul_l.constprop.0
00114154 00000004 T _strtoul_r
00114158 00000188 T __ssprint_r
001142e0 000000e0 T _sungetc_r
001143c0 0000006c T __ssrefill_r
0011442c 000000c8 T _sfread_r
001144f4 0000064c t get_arg
00114b40 00003808 T _svfprintf_r
00118348 000000a8 T __submore
001183f0 00000190 T _wcsnrtombs_l
00118580 0000004c T _wcsnrtombs_r
001185cc 000000f0 T __utf8_wctomb
001186bc 000001a8 t quorem
00118868 000012ec T _dtoa_r
00119b54 00000160 T _fclose_r
00119cb4 000000ec t rshift
00119da0 00000928 T __gethex
0011a6c8 0000004c T __match
0011a714 0000029c T __hexnan
0011a9b0 0000003c T iswspace_l
0011a9ec 000001d4 t __jp2uc
0011abc0 0000009c T _jp2uc_l
0011ac5c 00000088 T _Balloc
0011ace4 0000001c T _Bfree
0011ad00 000000f4 T __multadd
0011adf4 00000110 T __s2b
0011af04 00000058 T __hi0bits
0011af5c 0000009c T __lo0bits
0011aff8 000000a4 T __i2b
0011b09c 00000204 T __multiply
0011b2a0 00000120 T __pow5mult
0011b3c0 0000013c T __lshift
0011b4fc 00000058 T __mcmp
0011b554 000001cc T __mdiff
0011b720 00000088 T __ulp
0011b7a8 000000d4 T __b2d
0011b87c 0000012c T __d2b
0011b9a8 00000078 T __ratio
0011ba20 00000088 T __copybits
0011baa8 0000005c T __any_on
0011bb08 000000a8 T frexp
0011bbb0 00000010 T nan
0011bbc0 0000005c T __assert_func
0011bc1c 00000094 T _calloc_r
0011bcb0 00000084 T category
0011bd34 0000003c T fiprintf
0011bd70 00000014 T abort
0011bd84 00000098 T _raise_r
0011be1c 00000020 T raise
0011be3c 00000008 t null_write
0011be44 00000018 T setDefaultDevice
0011be5c 000000c8 T FindDevice
0011bf24 00000028 T RemoveDevice
0011bf4c 0000009c T AddDevice
0011bfe8 00000020 T GetDeviceOpTab
0011c008 00000078 T _fstat_r
0011c080 00000014 T _getpid_r
0011c094 00000008 T _isatty_r
0011c09c 00000014 T _kill_r
0011c0b0 00000084 T _lseek_r
0011c134 00000080 T _read_r
0011c1b4 00000078 T _sbrk_r
0011c22c 00000080 T _write_r
0011c2ac 00000024 T _exit
0011c2d0 000001b8 T _concatenate_path
0011c488 00000160 T chdir
0011c5e8 00000008 T __flockfile
0011c5f0 00000008 T __funlockfile
0011c5f8 00000018 T __libc_lock_acquire
0011c610 00000018 T __libc_lock_release
0011c628 00000018 T __libc_lock_init_recursive
0011c640 00000018 T __libc_lock_acquire_recursive
0011c658 00000018 T __libc_lock_release_recursive
0011c670 00000018 T __libc_lock_close_recursive
0011c688 0000003c T __get_handle
0011c6c4 000000f4 T _close_r
0011c7b8 00000028 T __getreent
0011c7e0 00000038 T __aeabi_d2lz
0011c7e0 00000038 T __fixdfdi
0011c818 00000040 T __aeabi_d2ulz
0011c818 00000040 T __fixunsdfdi
0011c858 00000044 T strrchr
0011c89c T _fini
0011d08c 00000030 r colorTable
0011d0bc 00000070 r dotab_stdout
0011d138 R default_font_bin
0011d938 R default_font_bin_end
0011d95c 00000070 r archive_devoptab
0011d9cc 00000030 r error_table
0011da14 00000008 r s_sleepWakeEvents.4
0011da50 00000004 R _global_impure_ptr
0011da5c 00000022 r basefix.0
0011daa8 00000010 r blanks.1
0011dab8 00000010 r zeroes.0
0011dac8 00000101 R _ctype_
0011dc24 00000014 r fpi.1
0011dc38 00000014 r fpinan.0
0011dc50 00000028 r tinytens
0011dc78 0000006c R __action_table
0011dce4 00000100 R __chclass
0011dde4 0000006c R __state_table
0011de64 00000010 r blanks.1
0011de74 00000010 r zeroes.0
0011de94 r .LC2
0011df34 00000100 R __hexdig
0011e048 000000bc r a1
0011e104 000000bc r a2
0011e1c0 0000005b r a3
0011e21c 00000070 r a6
0011e28c 000000a2 r a7
0011e330 00000040 r a8
0011e370 0000172a r b02cf
0011fa9c 00001a7c r d02f4
00121518 0000000c R _C_numeric_locale
00121568 00000028 R __mprec_bigtens
00121590 000000c8 R __mprec_tens
00121658 0000000c r p05.0
001216a4 000031e6 r categories
0012488c 00000070 R dotab_stdnull
001248fc r 
001248fc R __exidx_end
001248fc R __exidx_start
00125000 00000004 D currentConsole
00125004 0000004c D defaultConsole
00125050 00000001 d firstConsoleInit.0
00125054 W __stacksize__
00125058 00000004 D _impure_ptr
00125060 00000460 d impure_data
001254c0 00000408 D __malloc_av_
001258c8 00000004 D __malloc_sbrk_base
001258cc 00000004 D __malloc_trim_threshold
001258d0 0000000c d __malloc_recursive_mutex
001258dc 0000000c D __atexit_recursive_mutex
001258e8 0000000c d __sfp_recursive_mutex
001258f4 0000000c d __sinit_recursive_mutex
00125900 0000016c D __global_locale
00125a6c 00000002 d numempty
00125a70 00000004 d defaultDevice
00125a74 0000008c D devoptab_list
00125b00 00000400 d _current_working_directory
00125f00 00000004 d __hndl_lock
00125f04 0000000c d __stderr_handle
00125f10 0000000c d __stdin_handle
00125f1c 0000000c d __stdout_handle
00125f28 00001000 d handles
00126f30 d _GLOBAL_OFFSET_TABLE_
00126f3c d __frame_dummy_init_array_entry
00126f3c D __init_array_start
00126f3c B __preinit_array_end
00126f3c B __preinit_array_start
00126f3c D __tdata_lma
00126f3c D __tdata_lma_end
00126f40 d __do_global_dtors_aux_fini_array_entry
00126f40 D __fini_array_start
00126f40 D __init_array_end
00126f44 D __bss_start__
00126f44 D __fini_array_end
00126f44 b completed.1
00126f48 b object.0
00126f60 0000004c B currentCopy
00126fac 00000004 b gfxBottomFramebufferMaxSize
00126fb0 00000008 b gfxBottomFramebuffers
00126fb8 00000002 b gfxCurBuf
00126fbc 00000002 b gfxFramebufferFormats
00126fc0 00000002 b gfxIsDoubleBuf
00126fc2 00000001 b gfxIsVram
00126fc4 00000004 b gfxTopFramebufferMaxSize
00126fc8 00000008 b gfxTopFramebuffers
00126fd0 00000001 b gfxTopMode
00126fd4 00000004 b screenAlloc
00126fd8 00000004 b screenFree
00126fdc 00000004 b gspEvent
00126fe0 0000001c b gspEventCb
00126ffc 0000001c b gspEventCbData
00127018 00000007 b gspEventCbOneShot
00127020 00000004 b gspEventThread
00127024 00000038 b gspEvents
0012705c 00000004 b gspGpuHandle
00127060 00000001 b gspGpuRight
00127064 00000004 b gspLastEvent
00127068 00000004 b gspRefCount
0012706c 00000001 b gspRunEvents
00127070 00000004 b gspSharedMem
00127074 00000004 b gspSharedMemHandle
00127078 00000001 b gspThreadId
0012707c 00000004 B __system_argc
00127080 00000004 B __system_argv
00127084 b saved_stack
0012708c 0000000c b sAddrMap
00127098 00000008 b sVramPool
001270a0 00000008 b sLinearPool
001270a8 0000000c b sAddrMap
001270b4 00000004 b arbiter
001270b8 00000004 b srvHandle
001270bc 00000004 b srvRefCount
001270c0 00000004 b currentAddr
001270c4 00000004 b maxAddr
001270c8 00000004 b minAddr
001270cc 00000004 b srvPmHandle
001270d0 00000004 B __ctru_heap
001270d4 00000004 V __ctru_heap_size
001270d8 00000004 B __ctru_linear_heap
001270dc 00000004 V __ctru_linear_heap_size
001270e0 00000004 B __system_retAddr
001270e4 00000004 b archive_device_cwd
001270e8 00000540 b archive_devices
00127628 00000001 b archive_initialized
00127629 00000001 b aptChainloadFlags
0012762a 00000001 b aptChainloadMediatype
00127630 00000008 b aptChainloadTid
00127638 00000004 b aptEventHandlerThread
0012763c 00000001 b aptEventHandlerThreadQuit
00127640 00000008 b aptEvents
00127648 0000000c b aptFirstHook
00127654 00000004 b aptFlags
00127658 00000001 b aptHomeButtonState
0012765c 00000004 b aptLockHandle
00127660 00000004 b aptMessageFunc
00127664 00000004 b aptMessageFuncData
00127668 00001000 b aptParameters
00128668 00000008 b aptReceiveEvent
00128670 00000004 b aptRefCount
00128674 00000008 b aptSleepEvent
0012867c 00000001 b flagInit.1
0012867d 00000001 b flagValue.0
00128680 00000004 b serviceName.6
00128684 00000014 B hidEvents
00128698 00000004 B hidHandle
0012869c 00000004 B hidMemHandle
001286a0 00000004 b hidRefCount
001286a4 00000004 B hidSharedMem
001286a8 00000004 b kDown
001286ac 00000004 b kHeld
001286b0 00000004 b kOld
001286b4 00000004 b kUp
001286b8 00000001 b usingIrrst
001286c0 00000080 b fsExemptArchives
00128740 00000004 b fsuHandle
00128744 00000004 b fsuRefCount
00128748 00000001 V __ctru_speedup
0012874c 00000004 B irrstEvent
00128750 00000004 B irrstHandle
00128754 00000004 B irrstMemHandle
00128758 00000004 b irrstRefCount
0012875c 00000004 B irrstSharedMem
00128760 00000004 b kHeld
00128764 00000004 b ptmSysmHandle
00128768 00000004 b ptmSysmRefCount
0012876c 00000028 B __malloc_current_mallinfo
00128794 00000004 B __malloc_max_sbrked_mem
00128798 00000004 B __malloc_max_total_mem
0012879c 00000004 B __malloc_top_pad
001287a0 00000004 b heap_start.0
001287a4 00000004 B fake_heap_end
001287a8 00000004 B fake_heap_start
001287ac 00000400 b temp_cwd
00128bac 00000048 B __syscalls
00128bf4 B __tls_start
001297fc B __bss_end__
001297fc A __end__
001297fc B __tls_end
